{"/Applications/MAMP/htdocs/Dev/jsbase/src/index.js": {"path":"/Applications/MAMP/htdocs/Dev/jsbase/src/index.js","statementMap":{"0":{"start":{"line":1,"column":15},"end":{"line":1,"column":61}},"1":{"start":{"line":3,"column":21},"end":{"line":5,"column":1}},"2":{"start":{"line":4,"column":2},"end":{"line":4,"column":59}},"3":{"start":{"line":7,"column":21},"end":{"line":19,"column":1}},"4":{"start":{"line":8,"column":2},"end":{"line":18,"column":5}},"5":{"start":{"line":9,"column":4},"end":{"line":11,"column":5}},"6":{"start":{"line":10,"column":6},"end":{"line":10,"column":29}},"7":{"start":{"line":12,"column":4},"end":{"line":17,"column":6}},"8":{"start":{"line":21,"column":0},"end":{"line":21,"column":30}}},"fnMap":{"0":{"name":"(anonymous_0)","decl":{"start":{"line":3,"column":21},"end":{"line":3,"column":22}},"loc":{"start":{"line":3,"column":27},"end":{"line":5,"column":1}},"line":3},"1":{"name":"(anonymous_1)","decl":{"start":{"line":7,"column":21},"end":{"line":7,"column":22}},"loc":{"start":{"line":7,"column":31},"end":{"line":19,"column":1}},"line":7},"2":{"name":"(anonymous_2)","decl":{"start":{"line":8,"column":21},"end":{"line":8,"column":22}},"loc":{"start":{"line":8,"column":42},"end":{"line":18,"column":3}},"line":8}},"branchMap":{"0":{"loc":{"start":{"line":9,"column":4},"end":{"line":11,"column":5}},"type":"if","locations":[{"start":{"line":9,"column":4},"end":{"line":11,"column":5}},{"start":{"line":9,"column":4},"end":{"line":11,"column":5}}],"line":9}},"s":{"0":1,"1":1,"2":2,"3":1,"4":0,"5":0,"6":0,"7":0,"8":1},"f":{"0":2,"1":0,"2":0},"b":{"0":[0,0]},"_coverageSchema":"1a1c01bbd47fc00a2c39e90264f33305004495a9","hash":"fbc8fcd9755af87e1ff97e78d905abdf47652469"}
}
